The system is: Windows - 10.0.19045 - AMD64
Compiling the C compiler identification source file "CMakeCCompilerId.c" succeeded.
Compiler: C:/Program Files/Microsoft Visual Studio/2022/Enterprise/VC/Tools/MSVC/14.36.32532/bin/Hostx86/x86/cl.exe 
Build flags: 
Id flags:  

The output was:
0
Microsoft (R) C/C++ Optimizing Compiler versione 19.36.32532 per x86
Copyright (C) Microsoft Corporation. Tutti i diritti  sono riservati.

CMakeCCompilerId.c
Microsoft (R) Incremental Linker Version 14.36.32532.0
Copyright (C) Microsoft Corporation.  All rights reserved.

/out:CMakeCCompilerId.exe 
CMakeCCompilerId.obj 


Compilation of the C compiler identification source "CMakeCCompilerId.c" produced "CMakeCCompilerId.exe"

Compilation of the C compiler identification source "CMakeCCompilerId.c" produced "CMakeCCompilerId.obj"

The C compiler identification is MSVC, found in "C:/Users/Utente/Desktop/Algoritmi e Strutture Dati/cmake-build-debug/CMakeFiles/3.25.2/CompilerIdC/CMakeCCompilerId.exe"

Detecting C compiler ABI info compiled with the following output:
Change Dir: C:/Users/Utente/Desktop/Algoritmi e Strutture Dati/cmake-build-debug/CMakeFiles/CMakeScratch/TryCompile-rgjljr

Run Build Command(s):nmake -f Makefile /nologo cmTC_8b0b8\fast && 	"C:\Program Files\Microsoft Visual Studio\2022\Enterprise\VC\Tools\MSVC\14.36.32532\bin\HostX86\x86\nmake.exe"  -f CMakeFiles\cmTC_8b0b8.dir\build.make /nologo -L                  CMakeFiles\cmTC_8b0b8.dir\build
Building C object CMakeFiles/cmTC_8b0b8.dir/CMakeCCompilerABI.c.obj
	"C:\Program Files\JetBrains\CLion 2021.1\bin\cmake\win\x64\bin\cmake.exe" -E cmake_cl_compile_depends --dep-file=CMakeFiles\cmTC_8b0b8.dir\CMakeCCompilerABI.c.obj.d --working-dir="C:\Users\Utente\Desktop\Algoritmi e Strutture Dati\cmake-build-debug\CMakeFiles\CMakeScratch\TryCompile-rgjljr" --filter-prefix="Nota: file incluso  C:" -- C:\PROGRA~1\MIB055~1\2022\ENTERP~1\VC\Tools\MSVC\1436~1.325\bin\Hostx86\x86\cl.exe @C:\Users\Utente\AppData\Local\Temp\nm2F07.tmp
CMakeCCompilerABI.c
Linking C executable cmTC_8b0b8.exe
	"C:\Program Files\JetBrains\CLion 2021.1\bin\cmake\win\x64\bin\cmake.exe" -E vs_link_exe --intdir=CMakeFiles\cmTC_8b0b8.dir --rc=C:\PROGRA~2\WI3CF2~1\10\bin\100220~1.0\x86\rc.exe --mt=C:\PROGRA~2\WI3CF2~1\10\bin\100220~1.0\x86\mt.exe --manifests -- C:\PROGRA~1\MIB055~1\2022\ENTERP~1\VC\Tools\MSVC\1436~1.325\bin\Hostx86\x86\link.exe /nologo @CMakeFiles\cmTC_8b0b8.dir\objects1 @C:\Users\Utente\AppData\Local\Temp\nm307F.tmp



